F:\My\CoreAngular\WebApplication1\ClientApp\app\app.component.js
F:\My\CoreAngular\WebApplication1\ClientApp\app\app.component.js.map
F:\My\CoreAngular\WebApplication1\ClientApp\app\app.module.js
F:\My\CoreAngular\WebApplication1\ClientApp\app\app.module.js.map
F:\My\CoreAngular\WebApplication1\ClientApp\main.js
F:\My\CoreAngular\WebApplication1\ClientApp\main.js.map
F:\My\CoreAngular\WebApplication1\ClientApp\polyfills.js
F:\My\CoreAngular\WebApplication1\ClientApp\polyfills.js.map
F:\My\CoreAngular\WebApplication1\ClientApp\app\app.component.js
F:\My\CoreAngular\WebApplication1\ClientApp\app\app.component.js.map
F:\My\CoreAngular\WebApplication1\ClientApp\app\app.module.js
F:\My\CoreAngular\WebApplication1\ClientApp\app\app.module.js.map
F:\My\CoreAngular\WebApplication1\ClientApp\main.js
F:\My\CoreAngular\WebApplication1\ClientApp\main.js.map
F:\My\CoreAngular\WebApplication1\ClientApp\polyfills.js
F:\My\CoreAngular\WebApplication1\ClientApp\polyfills.js.map
F:\My\CoreAngular\WebApplication1\ClientApp\app\app.component.js
F:\My\CoreAngular\WebApplication1\ClientApp\app\app.component.js.map
F:\My\CoreAngular\WebApplication1\ClientApp\app\app.module.js
F:\My\CoreAngular\WebApplication1\ClientApp\app\app.module.js.map
F:\My\CoreAngular\WebApplication1\ClientApp\main.js
F:\My\CoreAngular\WebApplication1\ClientApp\main.js.map
F:\My\CoreAngular\WebApplication1\ClientApp\polyfills.js
F:\My\CoreAngular\WebApplication1\ClientApp\polyfills.js.map
F:\My\CoreAngular\WebApplication1\ClientApp\app\app.component.js
F:\My\CoreAngular\WebApplication1\ClientApp\app\app.component.js.map
F:\My\CoreAngular\WebApplication1\ClientApp\app\app.module.js
F:\My\CoreAngular\WebApplication1\ClientApp\app\app.module.js.map
F:\My\CoreAngular\WebApplication1\ClientApp\main.js
F:\My\CoreAngular\WebApplication1\ClientApp\main.js.map
F:\My\CoreAngular\WebApplication1\ClientApp\polyfills.js
F:\My\CoreAngular\WebApplication1\ClientApp\polyfills.js.map
F:\My\CoreAngular\WebApplication1\ClientApp\app\app.component.js
F:\My\CoreAngular\WebApplication1\ClientApp\app\app.component.js.map
F:\My\CoreAngular\WebApplication1\ClientApp\app\app.module.js
F:\My\CoreAngular\WebApplication1\ClientApp\app\app.module.js.map
F:\My\CoreAngular\WebApplication1\ClientApp\main.js
F:\My\CoreAngular\WebApplication1\ClientApp\main.js.map
F:\My\CoreAngular\WebApplication1\ClientApp\polyfills.js
F:\My\CoreAngular\WebApplication1\ClientApp\polyfills.js.map
F:\My\CoreAngular\WebApplication1\ClientApp\app\app.component.js
F:\My\CoreAngular\WebApplication1\ClientApp\app\app.component.js.map
F:\My\CoreAngular\WebApplication1\ClientApp\app\app.module.js
F:\My\CoreAngular\WebApplication1\ClientApp\app\app.module.js.map
F:\My\CoreAngular\WebApplication1\ClientApp\main.js
F:\My\CoreAngular\WebApplication1\ClientApp\main.js.map
F:\My\CoreAngular\WebApplication1\ClientApp\polyfills.js
F:\My\CoreAngular\WebApplication1\ClientApp\polyfills.js.map
F:\My\CoreAngular\WebApplication1\ClientApp\app\app.component.js
F:\My\CoreAngular\WebApplication1\ClientApp\app\app.component.js.map
F:\My\CoreAngular\WebApplication1\ClientApp\app\app.module.js
F:\My\CoreAngular\WebApplication1\ClientApp\app\app.module.js.map
F:\My\CoreAngular\WebApplication1\ClientApp\main.js
F:\My\CoreAngular\WebApplication1\ClientApp\main.js.map
F:\My\CoreAngular\WebApplication1\ClientApp\polyfills.js
F:\My\CoreAngular\WebApplication1\ClientApp\polyfills.js.map
F:\My\CoreAngular\WebApplication1\ClientApp\app\app.component.js
F:\My\CoreAngular\WebApplication1\ClientApp\app\app.component.js.map
F:\My\CoreAngular\WebApplication1\ClientApp\app\app.module.js
F:\My\CoreAngular\WebApplication1\ClientApp\app\app.module.js.map
F:\My\CoreAngular\WebApplication1\ClientApp\main.js
F:\My\CoreAngular\WebApplication1\ClientApp\main.js.map
F:\My\CoreAngular\WebApplication1\ClientApp\polyfills.js
F:\My\CoreAngular\WebApplication1\ClientApp\polyfills.js.map
